[0;33m--- esp-idf-monitor 1.3.3 on /dev/ttyUSB1 115200 ---[0m
[0;33m--- Quit: Ctrl+] | Menu: Ctrl+T | Help: Ctrl+T followed by Ctrl+H ---[0m
[0;33m0x40080400: _init at ??:?
[0m
[0;33m0x40081374: call_start_cpu1 at /home/ahkhan/esp/esp-idf/components/esp_system/port/cpu_start.c:154
[0m
[0;33m0x400d89fc: custom_ble_mesh_send_sensor_readings at /home/ahkhan/esp/projects/ble_mesh_sensor_model/sensor_server/build/../main/main.c:455 (discriminator 3)
[0m
[0;33m0x400d8a03: custom_ble_mesh_send_sensor_readings at /home/ahkhan/esp/projects/ble_mesh_sensor_model/sensor_server/build/../main/main.c:455 (discriminator 3)
[0m
[0;33m0x400014fd: strlen in ROM
[0m
[0;33m0x4000150d: strlen in ROM
[0m
[0;33m0x400d8a00: custom_ble_mesh_send_sensor_readings at /home/ahkhan/esp/projects/ble_mesh_sensor_model/sensor_server/build/../main/main.c:455 (discriminator 3)
[0m
[0;33m0x400936a1: vPortTaskWrapper at /home/ahkhan/esp/esp-idf/components/freertos/FreeRTOS-Kernel/portable/xtensa/port.c:162
[0m
[0;33m0x40080400: _init at ??:?
[0m
[0;33m0x40081374: call_start_cpu1 at /home/ahkhan/esp/esp-idf/components/esp_system/port/cpu_start.c:154
[0m
[0;33m0x400d89fc: custom_ble_mesh_send_sensor_readings at /home/ahkhan/esp/projects/ble_mesh_sensor_model/sensor_server/build/../main/main.c:455 (discriminator 3)
[0m
[0;33m0x400d8a03: custom_ble_mesh_send_sensor_readings at /home/ahkhan/esp/projects/ble_mesh_sensor_model/sensor_server/build/../main/main.c:455 (discriminator 3)
[0m
[0;33m0x400014fd: strlen in ROM
[0m
[0;33m0x4000150d: strlen in ROM
[0m
[0;33m0x400d8a00: custom_ble_mesh_send_sensor_readings at /home/ahkhan/esp/projects/ble_mesh_sensor_model/sensor_server/build/../main/main.c:455 (discriminator 3)
[0m
[0;33m0x400936a1: vPortTaskWrapper at /home/ahkhan/esp/esp-idf/components/freertos/FreeRTOS-Kernel/portable/xtensa/port.c:162
[0m
[0;33m0x40080400: _init at ??:?
[0m
[0;33m0x40081374: call_start_cpu1 at /home/ahkhan/esp/esp-idf/components/esp_system/port/cpu_start.c:154
[0m
[0;33m0x400d89fc: custom_ble_mesh_send_sensor_readings at /home/ahkhan/esp/projects/ble_mesh_sensor_model/sensor_server/build/../main/main.c:455 (discriminator 3)
[0m
[0;33m0x400d8a03: custom_ble_mesh_send_sensor_readings at /home/ahkhan/esp/projects/ble_mesh_sensor_model/sensor_server/build/../main/main.c:455 (discriminator 3)
[0m
[0;33m0x400014fd: strlen in ROM
[0m
[0;33m0x4000150d: strlen in ROM
[0m
[0;33m0x400d8a00: custom_ble_mesh_send_sensor_readings at /home/ahkhan/esp/projects/ble_mesh_sensor_model/sensor_server/build/../main/main.c:455 (discriminator 3)
[0m
[0;33m0x400936a1: vPortTaskWrapper at /home/ahkhan/esp/esp-idf/components/freertos/FreeRTOS-Kernel/portable/xtensa/port.c:162
[0m
[0;33m0x40080400: _init at ??:?
[0m
[0;33m0x40081374: call_start_cpu1 at /home/ahkhan/esp/esp-idf/components/esp_system/port/cpu_start.c:154
[0m
[0;33m0x400d89fc: custom_ble_mesh_send_sensor_readings at /home/ahkhan/esp/projects/ble_mesh_sensor_model/sensor_server/build/../main/main.c:455 (discriminator 3)
[0m
[0;33m0x400d8a03: custom_ble_mesh_send_sensor_readings at /home/ahkhan/esp/projects/ble_mesh_sensor_model/sensor_server/build/../main/main.c:455 (discriminator 3)
[0m
[0;33m0x400014fd: strlen in ROM
[0m
[0;33m0x4000150d: strlen in ROM
[0m
[0;33m0x400d8a00: custom_ble_mesh_send_sensor_readings at /home/ahkhan/esp/projects/ble_mesh_sensor_model/sensor_server/build/../main/main.c:455 (discriminator 3)
[0m
[0;33m0x400936a1: vPortTaskWrapper at /home/ahkhan/esp/esp-idf/components/freertos/FreeRTOS-Kernel/portable/xtensa/port.c:162
[0m
[0;33m0x40080400: _init at ??:?
[0m
[0;33m0x40081374: call_start_cpu1 at /home/ahkhan/esp/esp-idf/components/esp_system/port/cpu_start.c:154
[0m
[0;33m0x400d89fc: custom_ble_mesh_send_sensor_readings at /home/ahkhan/esp/projects/ble_mesh_sensor_model/sensor_server/build/../main/main.c:455 (discriminator 3)
[0m
[0;33m0x400d8a03: custom_ble_mesh_send_sensor_readings at /home/ahkhan/esp/projects/ble_mesh_sensor_model/sensor_server/build/../main/main.c:455 (discriminator 3)
[0m
[0;33m0x400014fd: strlen in ROM
[0m
[0;33m0x4000150d: strlen in ROM
[0m
[0;33m0x400d8a00: custom_ble_mesh_send_sensor_readings at /home/ahkhan/esp/projects/ble_mesh_sensor_model/sensor_server/build/../main/main.c:455 (discriminator 3)
[0m
[0;33m0x400936a1: vPortTaskWrapper at /home/ahkhan/esp/esp-idf/components/freertos/FreeRTOS-Kernel/portable/xtensa/port.c:162
[0m
[0;33m0x40080400: _init at ??:?
[0m
[0;33m0x40081374: call_start_cpu1 at /home/ahkhan/esp/esp-idf/components/esp_system/port/cpu_start.c:154
[0m
[0;33m0x400d89fc: custom_ble_mesh_send_sensor_readings at /home/ahkhan/esp/projects/ble_mesh_sensor_model/sensor_server/build/../main/main.c:455 (discriminator 3)
[0m
[0;33m0x400d8a03: custom_ble_mesh_send_sensor_readings at /home/ahkhan/esp/projects/ble_mesh_sensor_model/sensor_server/build/../main/main.c:455 (discriminator 3)
[0m
[0;33m0x400014fd: strlen in ROM
[0m
[0;33m0x4000150d: strlen in ROM
[0m
[0;33m0x400d8a00: custom_ble_mesh_send_sensor_readings at /home/ahkhan/esp/projects/ble_mesh_sensor_model/sensor_server/build/../main/main.c:455 (discriminator 3)
[0m
[0;33m0x400936a1: vPortTaskWrapper at /home/ahkhan/esp/esp-idf/components/freertos/FreeRTOS-Kernel/portable/xtensa/port.c:162
[0m
[0;33m0x40080400: _init at ??:?
[0m
[0;33m0x40081374: call_start_cpu1 at /home/ahkhan/esp/esp-idf/components/esp_system/port/cpu_start.c:154
[0m
[0;33m0x4009529f: mwdt_ll_config_stage at /home/ahkhan/esp/esp-idf/components/hal/esp32/include/hal/mwdt_ll.h:90
 (inlined by) wdt_hal_config_stage at /home/ahkhan/esp/esp-idf/components/hal/wdt_hal_iram.c:122
[0m
[0;33m0x400014fd: strlen in ROM
[0m
[0;33m0x4000150d: strlen in ROM
[0m
[0;33m0x4009529c: mwdt_ll_config_stage at /home/ahkhan/esp/esp-idf/components/hal/esp32/include/hal/mwdt_ll.h:90
 (inlined by) wdt_hal_config_stage at /home/ahkhan/esp/esp-idf/components/hal/wdt_hal_iram.c:122
[0m
[0;33m0x400d3c11: esp_panic_handler_reconfigure_wdts at /home/ahkhan/esp/esp-idf/components/esp_system/panic.c:187
[0m
[0;33m0x400936a1: vPortTaskWrapper at /home/ahkhan/esp/esp-idf/components/freertos/FreeRTOS-Kernel/portable/xtensa/port.c:162
[0m
[0;33m0x40080400: _init at ??:?
[0m
[0;33m0x40081374: call_start_cpu1 at /home/ahkhan/esp/esp-idf/components/esp_system/port/cpu_start.c:154
[0m
[1;31mNone[0m
[0;33mWaiting for the device to reconnect[0mException in thread Thread-2:
Traceback (most recent call last):
  File "/home/ahkhan/.espressif/python_env/idf5.1_py3.8_env/lib/python3.8/site-packages/esp_idf_monitor/base/serial_reader.py", line 76, in run
    data = self.serial.read(self.serial.in_waiting or 1)
  File "/home/ahkhan/.espressif/python_env/idf5.1_py3.8_env/lib/python3.8/site-packages/serial/serialposix.py", line 595, in read
    raise SerialException(
serial.serialutil.SerialException: device reports readiness to read but returned no data (device disconnected or multiple access on port?)

During handling of the above exception, another exception occurred:

Traceback (most recent call last):
  File "/home/ahkhan/.espressif/python_env/idf5.1_py3.8_env/lib/python3.8/site-packages/esp_idf_monitor/base/serial_reader.py", line 83, in run
    self.close_serial()
  File "/home/ahkhan/.espressif/python_env/idf5.1_py3.8_env/lib/python3.8/site-packages/esp_idf_monitor/base/serial_reader.py", line 104, in close_serial
    self._disable_closing_wait_or_discard_data()
  File "/home/ahkhan/.espressif/python_env/idf5.1_py3.8_env/lib/python3.8/site-packages/esp_idf_monitor/base/serial_reader.py", line 120, in _disable_closing_wait_or_discard_data
    buf = fcntl.ioctl(self.serial.fd, termios.TIOCGSERIAL, buf)
OSError: [Errno 5] Input/output error

During handling of the above exception, another exception occurred:

Traceback (most recent call last):
  File "/usr/lib/python3.8/threading.py", line 932, in _bootstrap_inner
    self.run()
  File "/usr/lib/python3.8/threading.py", line 870, in run
    self._target(*self._args, **self._kwargs)
  File "/home/ahkhan/.espressif/python_env/idf5.1_py3.8_env/lib/python3.8/site-packages/esp_idf_monitor/base/stoppable_thread.py", line 47, in _run_outer
    self.run()
  File "/home/ahkhan/.espressif/python_env/idf5.1_py3.8_env/lib/python3.8/site-packages/esp_idf_monitor/base/serial_reader.py", line 100, in run
    self.close_serial()
  File "/home/ahkhan/.espressif/python_env/idf5.1_py3.8_env/lib/python3.8/site-packages/esp_idf_monitor/base/serial_reader.py", line 104, in close_serial
    self._disable_closing_wait_or_discard_data()
  File "/home/ahkhan/.espressif/python_env/idf5.1_py3.8_env/lib/python3.8/site-packages/esp_idf_monitor/base/serial_reader.py", line 120, in _disable_closing_wait_or_discard_data
    buf = fcntl.ioctl(self.serial.fd, termios.TIOCGSERIAL, buf)
OSError: [Errno 5] Input/output error
[0m
